<?xml version="1.0" encoding="UTF-8"?>
<!-- Generated by org.testng.reporters.JUnitXMLReporter -->
<testsuite ignored="0" hostname="DESKTOP-4U884EQ" failures="0" tests="3" name="Test" time="0.067" errors="0" timestamp="2022-01-23T14:30:38 IST">
  <testcase classname="jaimavenAuto.SeleniumTest" name="webelement" time="0.009"/>
  <testcase classname="jaimavenAuto.AppiumTest" name="ios" time="0.0"/>
  <testcase classname="jaimavenAuto.AppiumTest" name="nativeapps" time="0.0"/>
</testsuite> <!-- Test -->
